<?xml version="1.0" encoding="UTF-8"?>
<testsuite xmlns:xsi="http://www.w3.org/2001/XMLSchema-instance" xsi:noNamespaceSchemaLocation="https://maven.apache.org/surefire/maven-surefire-plugin/xsd/surefire-test-report-3.0.xsd" version="3.0" name="com.eureka.server.EurekaServerApplicationTests" time="50.278" tests="1" errors="0" skipped="0" failures="0">
  <properties>
[...]
</properties>
  <testcase name="contextLoads" classname="com.eureka.server.EurekaServerApplicationTests" time="4.532">
    <system-out><![CDATA[01:55:21.174 [main] INFO org.springframework.test.context.support.AnnotationConfigContextLoaderUtils -- Could not detect default configuration classes for test class [com.eureka.server.EurekaServerApplicationTests]: EurekaServerApplicationTests does not declare any static, non-private, non-final, nested classes annotated with @Configuration.
01:55:21.658 [main] INFO org.springframework.boot.test.context.SpringBootTestContextBootstrapper -- Found @SpringBootConfiguration com.eureka.server.EurekaServerApplication for test class com.eureka.server.EurekaServerApplicationTests

  .   ____          _            __ _ _
 /\\ / ___'_ __ _ _(_)_ __  __ _ \ \ \ \
( ( )\___ | '_ | '_| | '_ \/ _` | \ \ \ \
 \\/  ___)| |_)| | | | | || (_| |  ) ) ) )
  '  |____| .__|_| |_|_| |_\__, | / / / /
 =========|_|==============|___/=/_/_/_/
 :: Spring Boot ::                (v3.1.9)

2024-05-01T01:55:26.019+05:30  INFO 9984 --- [           main] c.e.server.EurekaServerApplicationTests  : Starting EurekaServerApplicationTests using Java 17.0.5 with PID 9984 (started by Hp in C:\sts-4.17.1.RELEASE\MicroServices\CICD Pipeline\Distributed-Transaction\EurekaServer)
2024-05-01T01:55:26.023+05:30  INFO 9984 --- [           main] c.e.server.EurekaServerApplicationTests  : No active profile set, falling back to 1 default profile: "default"
2024-05-01T01:55:33.455+05:30  INFO 9984 --- [           main] o.s.cloud.context.scope.GenericScope     : BeanFactory id=658a9fa3-cab4-34cc-bb80-c31143560392
2024-05-01T01:55:59.531+05:30  WARN 9984 --- [           main] iguration$LoadBalancerCaffeineWarnLogger : Spring Cloud LoadBalancer is currently working with the default cache. While this cache implementation is useful for development and tests, it's recommended to use Caffeine cache in production.You can switch to using Caffeine cache, by adding it and org.springframework.cache.caffeine.CaffeineCacheManager to the classpath.
2024-05-01T01:56:01.009+05:30  INFO 9984 --- [           main] o.s.c.n.eureka.InstanceInfoFactory       : Setting initial instance status as: STARTING
2024-05-01T01:56:01.216+05:30  INFO 9984 --- [           main] com.netflix.discovery.DiscoveryClient    : Initializing Eureka in region us-east-1
2024-05-01T01:56:01.227+05:30  INFO 9984 --- [           main] com.netflix.discovery.DiscoveryClient    : Client configured to neither register nor query for data.
2024-05-01T01:56:01.302+05:30  INFO 9984 --- [           main] com.netflix.discovery.DiscoveryClient    : Discovery Client initialized at timestamp 1714508761300 with initial instances count: 0
2024-05-01T01:56:01.666+05:30  INFO 9984 --- [           main] c.n.eureka.DefaultEurekaServerContext    : Initializing ...
2024-05-01T01:56:01.678+05:30  INFO 9984 --- [           main] c.n.eureka.cluster.PeerEurekaNodes       : Adding new peer nodes [http://localhost:8761/eureka/]
2024-05-01T01:56:03.052+05:30  INFO 9984 --- [           main] c.n.d.provider.DiscoveryJerseyProvider   : Using JSON encoding codec LegacyJacksonJson
2024-05-01T01:56:03.054+05:30  INFO 9984 --- [           main] c.n.d.provider.DiscoveryJerseyProvider   : Using JSON decoding codec LegacyJacksonJson
2024-05-01T01:56:03.054+05:30  INFO 9984 --- [           main] c.n.d.provider.DiscoveryJerseyProvider   : Using XML encoding codec XStreamXml
2024-05-01T01:56:03.055+05:30  INFO 9984 --- [           main] c.n.d.provider.DiscoveryJerseyProvider   : Using XML decoding codec XStreamXml
2024-05-01T01:56:03.784+05:30  INFO 9984 --- [           main] c.n.eureka.cluster.PeerEurekaNodes       : Replica node URL:  http://localhost:8761/eureka/
2024-05-01T01:56:03.815+05:30  INFO 9984 --- [           main] c.n.e.registry.AbstractInstanceRegistry  : Finished initializing remote region registries. All known remote regions: []
2024-05-01T01:56:03.817+05:30  INFO 9984 --- [           main] c.n.eureka.DefaultEurekaServerContext    : Initialized
2024-05-01T01:56:04.599+05:30  INFO 9984 --- [           main] o.s.b.a.e.web.EndpointLinksResolver      : Exposing 1 endpoint(s) beneath base path '/actuator'
2024-05-01T01:56:05.014+05:30  INFO 9984 --- [           main] o.s.c.n.e.s.EurekaServiceRegistry        : Registering application UNKNOWN with eureka with status UP
2024-05-01T01:56:05.121+05:30  INFO 9984 --- [           main] c.e.server.EurekaServerApplicationTests  : Started EurekaServerApplicationTests in 41.878 seconds (process running for 50.031)
2024-05-01T01:56:05.218+05:30  INFO 9984 --- [      Thread-10] o.s.c.n.e.server.EurekaServerBootstrap   : isAws returned false
2024-05-01T01:56:05.238+05:30  INFO 9984 --- [      Thread-10] o.s.c.n.e.server.EurekaServerBootstrap   : Initialized server context
2024-05-01T01:56:05.239+05:30  INFO 9984 --- [      Thread-10] c.n.e.r.PeerAwareInstanceRegistryImpl    : Got 1 instances from neighboring DS node
2024-05-01T01:56:05.240+05:30  INFO 9984 --- [      Thread-10] c.n.e.r.PeerAwareInstanceRegistryImpl    : Renew threshold is: 1
2024-05-01T01:56:05.240+05:30  INFO 9984 --- [      Thread-10] c.n.e.r.PeerAwareInstanceRegistryImpl    : Changing status to UP
2024-05-01T01:56:05.612+05:30  INFO 9984 --- [      Thread-10] e.s.EurekaServerInitializerConfiguration : Started Eureka Server
]]></system-out>
  </testcase>
</testsuite>